<?xml version="1.0" encoding="UTF-8"?>
<!-- Generated by org.testng.reporters.JUnitXMLReporter -->
<testsuite ignored="0" hostname="DESKTOP-KB5NO3L" failures="0" tests="3" name="Default test" time="0.199" errors="0" timestamp="2025-02-07T16:22:47 IST">
  <testcase classname="dataProviders.SimpleDataProvider" name="TC01" time="0.047"/>
  <testcase classname="dataProviders.SimpleDataProvider" name="TC01" time="0.004"/>
  <testcase classname="dataProviders.SimpleDataProvider" name="TC01" time="0.004"/>
</testsuite> <!-- Default test -->
