<?xml version="1.0" encoding="UTF-8"?>
<!-- Generated by org.testng.reporters.JUnitXMLReporter -->
<testsuite ignored="0" hostname="DESKTOP-KB5NO3L" failures="0" tests="4" name="Default test" time="0.189" errors="0" timestamp="2025-01-20T14:36:45 IST">
  <testcase classname="testNG_Features.GroupBy_Feature" name="aman" time="0.034"/>
  <testcase classname="testNG_Features.GroupBy_Feature" name="jayesh" time="0.004"/>
  <testcase classname="testNG_Features.GroupBy_Feature" name="nishant" time="0.006"/>
  <testcase classname="testNG_Features.GroupBy_Feature" name="pranav" time="0.006"/>
</testsuite> <!-- Default test -->
