<?xml version="1.0" encoding="UTF-8"?>
<!-- Generated by org.testng.reporters.JUnitXMLReporter -->
<testsuite ignored="1" hostname="DESKTOP-KB5NO3L" failures="0" tests="3" name="Test" time="0.203" errors="0" timestamp="2025-01-20T14:37:48 IST">
  <testcase classname="testNG_Features.GroupBy_Feature" name="aman" time="0.05"/>
  <testcase classname="testNG_Features.GroupBy_Feature" name="jayesh" time="0.007"/>
  <testcase classname="testNG_Features.GroupBy_Feature" name="pranav" time="0.004"/>
  <testcase classname="testNG_Features.GroupBy_Feature" name="nishant" time="0.0">
    <ignored/>
  </testcase> <!-- nishant -->
</testsuite> <!-- Test -->
