<?xml version="1.0" encoding="UTF-8"?>
<testng-results ignored="0" total="3" passed="3" failed="0" skipped="0">
  <reporter-output>
  </reporter-output>
  <suite started-at="2025-02-07T16:22:47 IST" name="Default suite" finished-at="2025-02-07T16:22:47 IST" duration-ms="199">
    <groups>
    </groups>
    <test started-at="2025-02-07T16:22:47 IST" name="Default test" finished-at="2025-02-07T16:22:47 IST" duration-ms="199">
      <class name="dataProviders.SimpleDataProvider">
        <test-method signature="TC01(java.lang.String,java.lang.String)[pri:0, instance:dataProviders.SimpleDataProvider@515aebb0]" started-at="2025-02-07T16:22:47 IST" name="TC01" data-provider="LoginData" finished-at="2025-02-07T16:22:47 IST" duration-ms="47" status="PASS">
          <params>
            <param index="0">
              <value>
                <![CDATA[Admin]]>
              </value>
            </param>
            <param index="1">
              <value>
                <![CDATA[admin123]]>
              </value>
            </param>
          </params>
          <reporter-output>
          </reporter-output>
        </test-method> <!-- TC01 -->
        <test-method signature="TC01(java.lang.String,java.lang.String)[pri:0, instance:dataProviders.SimpleDataProvider@515aebb0]" started-at="2025-02-07T16:22:47 IST" name="TC01" data-provider="LoginData" finished-at="2025-02-07T16:22:47 IST" duration-ms="4" status="PASS">
          <params>
            <param index="0">
              <value>
                <![CDATA[Pranav]]>
              </value>
            </param>
            <param index="1">
              <value>
                <![CDATA[pranav@123]]>
              </value>
            </param>
          </params>
          <reporter-output>
          </reporter-output>
        </test-method> <!-- TC01 -->
        <test-method signature="TC01(java.lang.String,java.lang.String)[pri:0, instance:dataProviders.SimpleDataProvider@515aebb0]" started-at="2025-02-07T16:22:47 IST" name="TC01" data-provider="LoginData" finished-at="2025-02-07T16:22:47 IST" duration-ms="4" status="PASS">
          <params>
            <param index="0">
              <value>
                <![CDATA[Aman]]>
              </value>
            </param>
            <param index="1">
              <value>
                <![CDATA[aman@123]]>
              </value>
            </param>
          </params>
          <reporter-output>
          </reporter-output>
        </test-method> <!-- TC01 -->
      </class> <!-- dataProviders.SimpleDataProvider -->
    </test> <!-- Default test -->
  </suite> <!-- Default suite -->
</testng-results>
