<?xml version="1.0" encoding="UTF-8"?>
<testng-results ignored="0" total="3" passed="3" failed="0" skipped="0">
  <reporter-output>
  </reporter-output>
  <suite started-at="2025-01-13T10:55:09 IST" name="Suite" finished-at="2025-01-13T10:55:09 IST" duration-ms="136">
    <groups>
    </groups>
    <test started-at="2025-01-13T10:55:09 IST" name="Test" finished-at="2025-01-13T10:55:09 IST" duration-ms="136">
      <class name="practice.ParameterTest1">
        <test-method signature="add(int,int)[pri:0, instance:practice.ParameterTest1@5b239d7d]" started-at="2025-01-13T10:55:09 IST" name="add" finished-at="2025-01-13T10:55:09 IST" duration-ms="26" status="PASS">
          <params>
            <param index="0">
              <value>
                <![CDATA[10]]>
              </value>
            </param>
            <param index="1">
              <value>
                <![CDATA[5]]>
              </value>
            </param>
          </params>
          <reporter-output>
          </reporter-output>
        </test-method> <!-- add -->
        <test-method signature="mul(int,int)[pri:0, instance:practice.ParameterTest1@5b239d7d]" started-at="2025-01-13T10:55:09 IST" name="mul" finished-at="2025-01-13T10:55:09 IST" duration-ms="3" status="PASS">
          <params>
            <param index="0">
              <value>
                <![CDATA[10]]>
              </value>
            </param>
            <param index="1">
              <value>
                <![CDATA[5]]>
              </value>
            </param>
          </params>
          <reporter-output>
          </reporter-output>
        </test-method> <!-- mul -->
        <test-method signature="sub(int,int)[pri:1, instance:practice.ParameterTest1@5b239d7d]" started-at="2025-01-13T10:55:09 IST" name="sub" finished-at="2025-01-13T10:55:09 IST" duration-ms="6" status="PASS">
          <params>
            <param index="0">
              <value>
                <![CDATA[10]]>
              </value>
            </param>
            <param index="1">
              <value>
                <![CDATA[5]]>
              </value>
            </param>
          </params>
          <reporter-output>
          </reporter-output>
        </test-method> <!-- sub -->
      </class> <!-- practice.ParameterTest1 -->
    </test> <!-- Test -->
  </suite> <!-- Suite -->
</testng-results>
